<?xml version="1.0" encoding="UTF-8"?>
<testng-results skipped="0" failed="0" ignored="0" total="1" passed="1">
  <reporter-output>
  </reporter-output>
  <suite name="Default suite" duration-ms="29399" started-at="2017-04-02T03:31:30Z" finished-at="2017-04-02T03:32:00Z">
    <groups>
    </groups>
    <test name="Default test" duration-ms="29399" started-at="2017-04-02T03:31:30Z" finished-at="2017-04-02T03:32:00Z">
      <class name="practiceChromeTest.GmailTests">
        <test-method status="PASS" signature="VerifyLoginTest()[pri:0, instance:practiceChromeTest.GmailTests@4c70fda8]" name="VerifyLoginTest" duration-ms="29361" started-at="2017-04-01T20:31:30Z" finished-at="2017-04-01T20:32:00Z">
          <reporter-output>
          </reporter-output>
        </test-method> <!-- VerifyLoginTest -->
      </class> <!-- practiceChromeTest.GmailTests -->
    </test> <!-- Default test -->
  </suite> <!-- Default suite -->
</testng-results>
